C:\Users\Alejandro\MPLABXProjects\MedYControl.X\MedicionYControl.c:195:5:  Error#12  Undefined identifier   flag_f5
C:\Users\Alejandro\MPLABXProjects\MedYControl.X\MedicionYControl.c:196:12:  Error#12  Undefined identifier   flag_f5
C:\Users\Alejandro\MPLABXProjects\MedYControl.X\MedicionYControl.c:203:9:  Error#12  Undefined identifier   flag_f5
C:\Users\Alejandro\MPLABXProjects\MedYControl.X\MedicionYControl.c:206:9:  Error#12  Undefined identifier   h_digit
C:\Users\Alejandro\MPLABXProjects\MedYControl.X\MedicionYControl.c:207:25:  Error#12  Undefined identifier  -- retardo_segundos
C:\Users\Alejandro\MPLABXProjects\MedYControl.X\MedicionYControl.c:212:55:  Error#12  Undefined identifier   temperatura
C:\Users\Alejandro\MPLABXProjects\MedYControl.X\MedicionYControl.c:218:13:  Error#12  Undefined identifier   valor
C:\Users\Alejandro\MPLABXProjects\MedYControl.X\MedicionYControl.c:220:20:  Error#12  Undefined identifier   valor
C:\Users\Alejandro\MPLABXProjects\MedYControl.X\MedicionYControl.c:221:24:  Error#12  Undefined identifier   flag_f5
C:\Users\Alejandro\MPLABXProjects\MedYControl.X\MedicionYControl.c:224:38:  Error#12  Undefined identifier   temperatura
C:\Users\Alejandro\MPLABXProjects\MedYControl.X\MedicionYControl.c:228:44:  Error#12  Undefined identifier   flag_f5
C:\Users\Alejandro\MPLABXProjects\MedYControl.X\MedicionYControl.c:233:21:  Error#12  Undefined identifier   h_digit
C:\Users\Alejandro\MPLABXProjects\MedYControl.X\MedicionYControl.c:234:37:  Error#12  Undefined identifier  -- retardo_segundos
C:\Users\Alejandro\MPLABXProjects\MedYControl.X\MedicionYControl.c:239:21:  Error#12  Undefined identifier   h_digit
C:\Users\Alejandro\MPLABXProjects\MedYControl.X\MedicionYControl.c:240:37:  Error#12  Undefined identifier  -- retardo_segundos
C:\Users\Alejandro\MPLABXProjects\MedYControl.X\MedicionYControl.c:245:21:  Error#12  Undefined identifier   flag_f5
C:\Users\Alejandro\MPLABXProjects\MedYControl.X\MedicionYControl.c:247:21:  Error#12  Undefined identifier   valor
C:\Users\Alejandro\MPLABXProjects\MedYControl.X\MedicionYControl.c:248:21:  Error#12  Undefined identifier   flag_f5
C:\Users\Alejandro\MPLABXProjects\MedYControl.X\MedicionYControl.c:258:58:  Error#12  Undefined identifier   temperatura
C:\Users\Alejandro\MPLABXProjects\MedYControl.X\MedicionYControl.c:265:7:  Error#51  A numeric expression must appear here
C:\Users\Alejandro\MPLABXProjects\MedYControl.X\MedicionYControl.c:267:9:  Error#12  Undefined identifier   estado_deteccion_1
C:\Users\Alejandro\MPLABXProjects\MedYControl.X\MedicionYControl.c:268:9:  Error#12  Undefined identifier   estado_deteccion_2
C:\Users\Alejandro\MPLABXProjects\MedYControl.X\MedicionYControl.c:269:9:  Error#12  Undefined identifier   estado_deteccion_3
C:\Users\Alejandro\MPLABXProjects\MedYControl.X\MedicionYControl.c:273:1:  Error#79  Expect }
C:\Users\Alejandro\MPLABXProjects\MedYControl.X\MedicionYControl.o ===>  24 Errors,  0 Warnings.
Build Failed.
